[nero-portfolio.webflow.io/index.html]
[backblue.gif]
[fade.gif]
[index.html]
[assets.website-files.com/5f067b661807eb95a36fe56a/css/nero-portfolio.d2c8c4968.css]
[ajax.googleapis.com/ajax/libs/webfont/1.6.26/webfont.js]
[cdn.prod.website-files.com/5f067b661807eb95a36fe56a/5f067b661807eb93456fe5d3_favicon.png]
[cdn.prod.website-files.com/5f067b661807eb95a36fe56a/5f067b661807eb2fe36fe5d7_webclip.png]
[nero-portfolio.webflow.io/contact.html]
[cdn.prod.website-files.com/5f067b661807eb95a36fe56a/5f067b661807eb547e6fe61c_party-popper.png]
[cdn.prod.website-files.com/5f067b661807eb95a36fe56a/5f067b661807eb3dd66fe61a_Hero Person.png]
[cdn.prod.website-files.com/5f067b661807eb6a8d6fe57d/5f067b661807eb78206fe58a_Project Image 01.png]
[cdn.prod.website-files.com/5f067b661807eb6a8d6fe57d/5f067b661807eb50296fe58b_Project Image 02.png]
[cdn.prod.website-files.com/5f067b661807eb6a8d6fe57d/5f067b661807eb48996fe589_Project Image 03.png]
[cdn.prod.website-files.com/5f067b661807eb6a8d6fe57d/5f067b661807eb47876fe588_5ea8deaa0db6d134af92912a_Project Image 04.png]
[cdn.prod.website-files.com/5f067b661807eb6a8d6fe57d/5f067b661807eb2a796fe587_Project Image 06.png]
[cdn.prod.website-files.com/5f067b661807eb6a8d6fe57d/5f067b661807eb4d2c6fe586_Project Image 05.png]
[cdn.prod.website-files.com/5f067b661807eb95a36fe56a/5f067b661807eb59ce6fe618_Person Header.png]
[cdn.prod.website-files.com/5f067b661807eb95a36fe56a/5f067b661807ebfd6e6fe63c_Author 02.png]
[cdn.prod.website-files.com/5f067b661807eb95a36fe56a/5f067b661807eb93956fe63a_Author 03.png]
[cdn.prod.website-files.com/5f067b661807eb95a36fe56a/5f067b661807eb102f6fe639_Author 01.png]
[nero-portfolio.webflow.io/blog/ego-and-emphaty-in-design.html]
[nero-portfolio.webflow.io/blog/how-do-you-use-time-tracking-for-projects.html]
[nero-portfolio.webflow.io/blog/how-webflow-helped-my-business-and-career.html]
[nero-portfolio.webflow.io/template/style.html]
[d3e54v103j8qbb.cloudfront.net/js/jquery-3.5.1.min.dc5e7f18c82881.js]
[nero-portfolio.webflow.io/index.html]
[assets.website-files.com/5f067b661807eb95a36fe56a/css/nero-portfolio.d2c8c4968.css]
[assets.website-files.com/5f067b661807eb95a36fe56a/js/nero-portfolio.fdc3e5fb4.js]
[assets.website-files.com/5f067b661807eb95a36fe56a/5f067b661807eb93456fe5d3_favicon.png]
[assets.website-files.com/5f067b661807eb95a36fe56a/5f067b661807eb2fe36fe5d7_webclip.png]
[nero-portfolio.webflow.io/contact.html]
[cdn.prod.website-files.com/5f067b661807eb95a36fe56a/5f067b661807eb054d6fe5cb_Person.png]
[cdn.prod.website-files.com/5f067b661807eb6a8d6fe57d/5f067b661807eba9fa6fe58e_Blog Hero.jpg]
[nero-portfolio.webflow.io/blog/ego-and-emphaty-in-design.html]
[cdn.prod.website-files.com/5f067b661807eb6a8d6fe57d/5f067b661807eb4e526fe58f_Blog Header.png]
[nero-portfolio.webflow.io/blog/how-do-you-use-time-tracking-for-projects.html]
[cdn.prod.website-files.com/5f067b661807eb6a8d6fe57d/5f067b661807ebeab16fe590_Blog Header 02.png]
[nero-portfolio.webflow.io/blog/how-webflow-helped-my-business-and-career.html]
[nero-portfolio.webflow.io/template/style.html]
[nero-portfolio.webflow.io/projects/mobile.html]
[nero-portfolio.webflow.io/projects/food.html]
[nero-portfolio.webflow.io/projects/music.html]
[nero-portfolio.webflow.io/projects/dashboard-ux.html]
[nero-portfolio.webflow.io/projects/platform.html]
[nero-portfolio.webflow.io/projects/financial-manager-app.html]
[nero-portfolio.webflow.io/template/licensing.html]
